<?xml version="1.0" encoding="utf-8"?>
<TestRun id="509192de-eb3c-42b5-ab84-040b4f54cb37" name="WouterF@ISNL-H1STN44 2025-03-20 21:19:29" runUser="CRONOS\WouterF" xmlns="http://microsoft.com/schemas/VisualStudio/TeamTest/2010">
  <Times creation="2025-03-20T21:19:29.6158871+01:00" queuing="2025-03-20T21:19:29.6158875+01:00" start="2025-03-20T21:19:27.9996193+01:00" finish="2025-03-20T21:19:29.6279004+01:00" />
  <TestSettings name="default" id="b0faa869-169c-432f-9f81-5fb9d0590b05">
    <Deployment runDeploymentRoot="WouterF_ISNL-H1STN44_2025-03-20_21_19_29" />
  </TestSettings>
  <Results>
    <UnitTestResult executionId="e81d3cf7-dd2c-4656-b460-35ba6e72e9ea" testId="f54adaf7-36d2-0961-772b-8e660b786759" testName="Verify_GeneratedSwaggerFile_ShouldNotChangeUnlessIntended" computerName="ISNL-H1STN44" duration="00:00:00.2113708" startTime="2025-03-20T21:19:29.1642312+01:00" endTime="2025-03-20T21:19:29.3996175+01:00" testType="13cdc9d9-ddb5-4fa4-a97d-d965ccfc6d4b" outcome="Passed" testListId="8c84fa94-04c1-424b-9868-57a2d4851a1d" relativeResultsDirectory="e81d3cf7-dd2c-4656-b460-35ba6e72e9ea" />
  </Results>
  <TestDefinitions>
    <UnitTest name="Verify_GeneratedSwaggerFile_ShouldNotChangeUnlessIntended" storage="c:\users\wouterf\git\timeforcode\tst\authorization\timeforcode.authorization.api.tests\bin\debug\net8.0\timeforcode.authorization.api.tests.dll" id="f54adaf7-36d2-0961-772b-8e660b786759">
      <Execution id="e81d3cf7-dd2c-4656-b460-35ba6e72e9ea" />
      <TestMethod codeBase="C:\Users\WouterF\Git\TimeForCode\tst\Authorization\TimeForCode.Authorization.Api.Tests\bin\Debug\net8.0\TimeForCode.Authorization.Api.Tests.dll" adapterTypeName="executor://mstestadapter/v2" className="TimeForCode.Authorization.Api.Tests.SwaggerTests" name="Verify_GeneratedSwaggerFile_ShouldNotChangeUnlessIntended" />
    </UnitTest>
  </TestDefinitions>
  <TestEntries>
    <TestEntry testId="f54adaf7-36d2-0961-772b-8e660b786759" executionId="e81d3cf7-dd2c-4656-b460-35ba6e72e9ea" testListId="8c84fa94-04c1-424b-9868-57a2d4851a1d" />
  </TestEntries>
  <TestLists>
    <TestList name="Results Not in a List" id="8c84fa94-04c1-424b-9868-57a2d4851a1d" />
    <TestList name="All Loaded Results" id="19431567-8539-422a-85d7-44ee4e166bda" />
  </TestLists>
  <ResultSummary outcome="Completed">
    <Counters total="1" executed="1" passed="1" failed="0" error="0" timeout="0" aborted="0" inconclusive="0" passedButRunAborted="0" notRunnable="0" notExecuted="0" disconnected="0" warning="0" completed="0" inProgress="0" pending="0" />
    <CollectorDataEntries>
      <Collector agentName="ISNL-H1STN44" uri="datacollector://microsoft/CodeCoverage/2.0" collectorDisplayName="Code Coverage">
        <UriAttachments>
          <UriAttachment>
            <A href="ISNL-H1STN44\WouterF_ISNL-H1STN44_2025-03-20.21_19_29[1].xml"></A>
          </UriAttachment>
        </UriAttachments>
      </Collector>
    </CollectorDataEntries>
  </ResultSummary>
</TestRun>